--018b3d4--2020-01-27--Martin Frigaard
18	1	code-maat/README.Rmd
235	0	code-maat/code_maat_log.csv
244	0	code-maat/logfile.log

--a8dd6d0--2020-01-27--Martin Frigaard
5	0	README.Rmd
14	0	README.md

--bf68d2e--2020-01-27--Martin Frigaard
67	0	README.Rmd
2	7	code-maat/README.Rmd
273	0	code-maat/README.md
1	1	code-maat/target/classes/META-INF/maven/myproject/myproject/pom.properties
-	-	code-maat/target/myproject-0.5.0-SNAPSHOT-standalone.jar
-	-	code-maat/target/myproject-0.5.0-SNAPSHOT.jar

--b15c1bd--2020-01-27--Martin Frigaard
-	-	.DS_Store
4	0	.gitignore
6	0	analyze-github-stuff-with-r/.gitignore
366	0	analyze-github-stuff-with-r/README.Rmd
550	0	analyze-github-stuff-with-r/README.md
-	-	analyze-github-stuff-with-r/adv-r-pr-affected-files-barchart.png
80	0	analyze-github-stuff-with-r/adv-r-pr-affected-files-figs.R
71	0	analyze-github-stuff-with-r/adv-r-pr-affected-files.R
683	0	analyze-github-stuff-with-r/adv-r-pr-affected-files.csv
-	-	analyze-github-stuff-with-r/analyze-github-stuff-with-r-master.zip
16	0	analyze-github-stuff-with-r/analyze-github-stuff-with-r.Rproj
19	0	analyze-github-stuff-with-r/get-pr-affected-files-from-patch.R
58	0	analyze-github-stuff-with-r/github-diff-notes.md
15	0	analyze-github-stuff-with-r/github-oauth-app-key.R
5	0	analyze-github-stuff-with-r/map-chr-hack.R
23	0	analyze-github-stuff-with-r/open-issue-count-by-repo.R
-	-	analyze-github-stuff-with-r/r-pkgs-pr-affected-files-barchart.png
56	0	analyze-github-stuff-with-r/r-pkgs-pr-affected-files-figs.R
53	0	analyze-github-stuff-with-r/r-pkgs-pr-affected-files.R
308	0	analyze-github-stuff-with-r/r-pkgs-pr-affected-files.csv
138	0	analyze-github-stuff-with-r/stat545-discussion-threads.R
-	-	cloc/.DS_Store
379	0	cloc/04.0-counting-lines-of-code-R.Rmd
688	0	cloc/04.1-cloc-r-package-tech-debt.Rmd
39	0	cloc/A3-git-cloc-codescene.ipynb
2553	0	cloc/docs/cloc-readme.html
2794	0	cloc/docs/cloc-readme.md
-	-	cloc/docs/cloc-readme.pdf
15	0	code-forensics.Rproj
-	-	code-maat/.DS_Store
225	0	code-maat/README.Rmd
-	-	code-maat/code-maat-1.0-standalone.jar
15	0	code-maat/code-maat.Rproj
-	-	code-maat/downloads/.DS_Store
21	0	code-maat/downloads/code-maat-master/.gitignore
3	0	code-maat/downloads/code-maat-master/.mailmap
4	0	code-maat/downloads/code-maat-master/.travis.yml
15	0	code-maat/downloads/code-maat-master/Dockerfile
305	0	code-maat/downloads/code-maat-master/README.md
-	-	code-maat/downloads/code-maat-master/doc/imgs/abs_churn_sample.png
-	-	code-maat/downloads/code-maat-master/doc/imgs/code_age_sample.png
-	-	code-maat/downloads/code-maat-master/doc/imgs/coupling_sample.png
-	-	code-maat/downloads/code-maat-master/doc/imgs/crime_cover.jpg
-	-	code-maat/downloads/code-maat-master/doc/imgs/tree_map_sample.png
3	0	code-maat/downloads/code-maat-master/doc/intro.md
0	0	code-maat/downloads/code-maat-master/logfile.log
22	0	code-maat/downloads/code-maat-master/project.clj
74	0	code-maat/downloads/code-maat-master/src/code_maat/analysis/authors.clj
205	0	code-maat/downloads/code-maat-master/src/code_maat/analysis/churn.clj
75	0	code-maat/downloads/code-maat-master/src/code_maat/analysis/code_age.clj
72	0	code-maat/downloads/code-maat-master/src/code_maat/analysis/commit_messages.clj
102	0	code-maat/downloads/code-maat-master/src/code_maat/analysis/communication.clj
100	0	code-maat/downloads/code-maat-master/src/code_maat/analysis/coupling_algos.clj
109	0	code-maat/downloads/code-maat-master/src/code_maat/analysis/effort.clj
48	0	code-maat/downloads/code-maat-master/src/code_maat/analysis/entities.clj
58	0	code-maat/downloads/code-maat-master/src/code_maat/analysis/logical_coupling.clj
19	0	code-maat/downloads/code-maat-master/src/code_maat/analysis/math.clj
64	0	code-maat/downloads/code-maat-master/src/code_maat/analysis/sum_of_coupling.clj
28	0	code-maat/downloads/code-maat-master/src/code_maat/analysis/summary.clj
13	0	code-maat/downloads/code-maat-master/src/code_maat/analysis/workarounds.clj
236	0	code-maat/downloads/code-maat-master/src/code_maat/app/app.clj
137	0	code-maat/downloads/code-maat-master/src/code_maat/app/grouper.clj
25	0	code-maat/downloads/code-maat-master/src/code_maat/app/team_mapper.clj
40	0	code-maat/downloads/code-maat-master/src/code_maat/app/time_based_grouper.clj
75	0	code-maat/downloads/code-maat-master/src/code_maat/cmd_line.clj
58	0	code-maat/downloads/code-maat-master/src/code_maat/dataset/dataset.clj
29	0	code-maat/downloads/code-maat-master/src/code_maat/output/csv.clj
11	0	code-maat/downloads/code-maat-master/src/code_maat/output/filters.clj
75	0	code-maat/downloads/code-maat-master/src/code_maat/parsers/git.clj
84	0	code-maat/downloads/code-maat-master/src/code_maat/parsers/git2.clj
163	0	code-maat/downloads/code-maat-master/src/code_maat/parsers/hiccup_based_parser.clj
48	0	code-maat/downloads/code-maat-master/src/code_maat/parsers/limitters.clj
63	0	code-maat/downloads/code-maat-master/src/code_maat/parsers/mercurial.clj
71	0	code-maat/downloads/code-maat-master/src/code_maat/parsers/perforce.clj
72	0	code-maat/downloads/code-maat-master/src/code_maat/parsers/svn.clj
109	0	code-maat/downloads/code-maat-master/src/code_maat/parsers/tfs.clj
25	0	code-maat/downloads/code-maat-master/src/code_maat/parsers/time_parser.clj
17	0	code-maat/downloads/code-maat-master/src/code_maat/parsers/xml.clj
31	0	code-maat/downloads/code-maat-master/src/code_maat/test/data_driven.clj
37	0	code-maat/downloads/code-maat-master/test/code_maat/analysis/authors_test.clj
125	0	code-maat/downloads/code-maat-master/test/code_maat/analysis/churn_test.clj
50	0	code-maat/downloads/code-maat-master/test/code_maat/analysis/code_age_test.clj
26	0	code-maat/downloads/code-maat-master/test/code_maat/analysis/commit_messages_test.clj
28	0	code-maat/downloads/code-maat-master/test/code_maat/analysis/communication_test.clj
52	0	code-maat/downloads/code-maat-master/test/code_maat/analysis/coupling_algos_test.clj
62	0	code-maat/downloads/code-maat-master/test/code_maat/analysis/effort_test.clj
29	0	code-maat/downloads/code-maat-master/test/code_maat/analysis/entities_test.clj
47	0	code-maat/downloads/code-maat-master/test/code_maat/analysis/logical_coupling_test.clj
15	0	code-maat/downloads/code-maat-master/test/code_maat/analysis/math_test.clj
25	0	code-maat/downloads/code-maat-master/test/code_maat/analysis/sum_of_coupling_test.clj
32	0	code-maat/downloads/code-maat-master/test/code_maat/analysis/test_data.clj
12	0	code-maat/downloads/code-maat-master/test/code_maat/app/cmd_line_test.clj
6	0	code-maat/downloads/code-maat-master/test/code_maat/app/day_coupled_entities_git.txt
132	0	code-maat/downloads/code-maat-master/test/code_maat/app/grouper_test.clj
36	0	code-maat/downloads/code-maat-master/test/code_maat/app/team_mapper_test.clj
44	0	code-maat/downloads/code-maat-master/test/code_maat/app/time_based_grouper_test.clj
34	0	code-maat/downloads/code-maat-master/test/code_maat/dataset/dataset_test.clj
42	0	code-maat/downloads/code-maat-master/test/code_maat/end_to_end/churn_scenario_test.clj
0	0	code-maat/downloads/code-maat-master/test/code_maat/end_to_end/empty.git
0	0	code-maat/downloads/code-maat-master/test/code_maat/end_to_end/empty.hg
0	0	code-maat/downloads/code-maat-master/test/code_maat/end_to_end/empty.p4
3	0	code-maat/downloads/code-maat-master/test/code_maat/end_to_end/empty.xml
18	0	code-maat/downloads/code-maat-master/test/code_maat/end_to_end/git2_live_data_test.clj
58	0	code-maat/downloads/code-maat-master/test/code_maat/end_to_end/git2_live_data_test_with_group.clj
18	0	code-maat/downloads/code-maat-master/test/code_maat/end_to_end/git_live_data_test.clj
18	0	code-maat/downloads/code-maat-master/test/code_maat/end_to_end/mercurial_live_data_test.clj
238	0	code-maat/downloads/code-maat-master/test/code_maat/end_to_end/mono_git.log
18	0	code-maat/downloads/code-maat-master/test/code_maat/end_to_end/perforce_live_data_test.clj
4	0	code-maat/downloads/code-maat-master/test/code_maat/end_to_end/regex-and-text-layers-definition.txt
2	0	code-maat/downloads/code-maat-master/test/code_maat/end_to_end/regex-layers-definition.txt
25	0	code-maat/downloads/code-maat-master/test/code_maat/end_to_end/roslyn_git.log
20	0	code-maat/downloads/code-maat-master/test/code_maat/end_to_end/sample_p4.log
197	0	code-maat/downloads/code-maat-master/test/code_maat/end_to_end/scenario_tests.clj
31	0	code-maat/downloads/code-maat-master/test/code_maat/end_to_end/simple.xml
6	0	code-maat/downloads/code-maat-master/test/code_maat/end_to_end/simple_git.txt
6	0	code-maat/downloads/code-maat-master/test/code_maat/end_to_end/simple_git2.txt
6	0	code-maat/downloads/code-maat-master/test/code_maat/end_to_end/simple_hg.txt
10	0	code-maat/downloads/code-maat-master/test/code_maat/end_to_end/simple_p4.txt
9629	0	code-maat/downloads/code-maat-master/test/code_maat/end_to_end/statsvn.log
21	0	code-maat/downloads/code-maat-master/test/code_maat/end_to_end/svn_live_data_test.clj
28	0	code-maat/downloads/code-maat-master/test/code_maat/end_to_end/team_level_analyses_test.clj
2	0	code-maat/downloads/code-maat-master/test/code_maat/end_to_end/text-layers-definition.txt
27	0	code-maat/downloads/code-maat-master/test/code_maat/end_to_end/tfs.log
18	0	code-maat/downloads/code-maat-master/test/code_maat/end_to_end/tfs_live_data_test.clj
493	0	code-maat/downloads/code-maat-master/test/code_maat/end_to_end/tpp_hg.log
129	0	code-maat/downloads/code-maat-master/test/code_maat/parsers/git2_test.clj
164	0	code-maat/downloads/code-maat-master/test/code_maat/parsers/git_test.clj
36	0	code-maat/downloads/code-maat-master/test/code_maat/parsers/mercurial_test.clj
81	0	code-maat/downloads/code-maat-master/test/code_maat/parsers/perforce_test.clj
90	0	code-maat/downloads/code-maat-master/test/code_maat/parsers/svn_test.clj
234	0	code-maat/downloads/code-maat-master/test/code_maat/parsers/tfs_test.clj
14	0	code-maat/downloads/code-maat-master/test/code_maat/parsers/time_parser_test.clj
23	0	code-maat/downloads/code-maat-master/test/code_maat/tools/test_tools.clj
0	0	code-maat/logfile.log
6	0	code-maat/project.clj
5	0	code-maat/target/classes/META-INF/maven/myproject/myproject/pom.properties
-	-	code-maat/target/myproject-0.5.0-SNAPSHOT-standalone.jar
-	-	code-maat/target/myproject-0.5.0-SNAPSHOT.jar
1	0	code-maat/target/stale/leiningen.core.classpath.extract-native-dependencies
-	-	complexity/.DS_Store
260	0	complexity/01.0-python-2-complexity-analysis.ipynb
714	0	complexity/01.1-complexity-analysis-R.Rmd
166	0	complexity/2020-01-06-installing-anaconda.md
15	0	complexity/complexity.Rproj
336777	0	complexity/data/flights.csv
-	-	complexity/data/flights.rda
-	-	complexity/figs/.DS_Store
-	-	complexity/figs/LangCount-1.png
-	-	complexity/figs/LangTibble-1.png
-	-	complexity/figs/NineParentsBranches-1.png
-	-	complexity/figs/TenParentsBranches-1.png
-	-	complexity/figs/author-summary-visualize-01-1.png
-	-	complexity/figs/author-summary-visualize-02-1.png
-	-	complexity/figs/canary-new.png
-	-	complexity/figs/check-missing-languages-1.png
-	-	complexity/figs/check-out-inspect_na-1.png
-	-	complexity/figs/circlepackeR-NestedDataNode-1.png
-	-	complexity/figs/circlepackeR-p-1.png
-	-	complexity/figs/circlepackeR-size-value-1.png
-	-	complexity/figs/code-visualize-1.png
-	-	complexity/figs/conda-env.png
-	-	complexity/figs/custom-minimum-1.png
-	-	complexity/figs/entity-frag-equation.png
-	-	complexity/figs/file_ext-test-1.png
-	-	complexity/figs/ggp_pwr_curve-1.png
-	-	complexity/figs/ggp_pwr_curve-2-1.png
-	-	complexity/figs/ggp_pwr_curve-power_curve_labels-1.png
-	-	complexity/figs/ggp_tree_viz-1.png
-	-	complexity/figs/graph-file-counts-1.png
-	-	complexity/figs/hibernate-circle-graphs.png
-	-	complexity/figs/histogram-by-file-extension-1.png
-	-	complexity/figs/incaseoffire.png
-	-	complexity/figs/insepect-df-1.png
-	-	complexity/figs/inspect_types-1.png
-	-	complexity/figs/mean-vs-median-plot-1.png
-	-	complexity/figs/plot_DplyrClocByFileAvgBlanks-1.png
-	-	complexity/figs/plot_DplyrClocByFileAvgComments-1.png
-	-	complexity/figs/plot_DplyrClocByFileBeeSwarmBlank-1.png
-	-	complexity/figs/plot_DplyrClocByFileBeeSwarmComment-1.png
-	-	complexity/figs/plot_DplyrClocByFileBlankFacet-1.png
-	-	complexity/figs/plot_DplyrClocByFileBlanks-1.png
-	-	complexity/figs/plot_DplyrClocByFileBlanksFacet-1.png
-	-	complexity/figs/plot_DplyrClocByFileCommentFacet-1.png
-	-	complexity/figs/plot_DplyrClocByFileComments-1.png
-	-	complexity/figs/plot_DplyrClocByFileNameComments-1.png
-	-	complexity/figs/plot_ShinyClocByFileAvgBlanks-1.png
-	-	complexity/figs/plot_ShinyClocByFileAvgComments-1.png
-	-	complexity/figs/plot_ShinyClocByFileBeeSwarmBlank-1.png
-	-	complexity/figs/plot_ShinyClocByFileBeeSwarmComment-1.png
-	-	complexity/figs/plot_ShinyClocByFileBlankFacet-1.png
-	-	complexity/figs/plot_ShinyClocByFileBlanks-1.png
-	-	complexity/figs/plot_ShinyClocByFileCommentFacet-1.png
-	-	complexity/figs/plot_ShinyClocByFileComments-1.png
-	-	complexity/figs/plot_ShinyClocByFileNameComments-1.png
-	-	complexity/figs/plot_number_of_commits-1.png
-	-	complexity/figs/set-theme-1.png
-	-	complexity/figs/tidy_graph_nicely-1.png
-	-	complexity/figs/tidy_graph_nicely.png
-	-	complexity/figs/unnamed-chunk-2-1.png
-	-	complexity/figs/unnamed-chunk-9-1.png
-	-	complexity/figs/vis_miss-1.png
58	0	complexity/python3-complexity-analysis.ipynb
-	-	git-logs/.DS_Store
310	0	git-logs/01.0-git-file-changes-R.Rmd
441	0	git-logs/02.0-git-author-data-R.Rmd
443	0	git-logs/03.1-tidy-git-analysis-jackson.Rmd
74	0	git-logs/03.2-gh-purrr-package-byran.Rmd
9	0	git-logs/CHANGELOG.md
0	0	git-logs/CITATION
30	0	git-logs/EXAMPLES.md
0	0	git-logs/LICENSE
341	0	git-logs/README.Rmd
7	0	git-logs/code/01-import.R
7	0	git-logs/code/02-tidy.R
7	0	git-logs/code/03-wrangle.R
7	0	git-logs/code/04-visualize.R
7	0	git-logs/code/05-model.R
7	0	git-logs/code/06-communicate.R
20	0	git-logs/code/runall.R
1798	0	git-logs/data/2020-01-15-GitFileCount.csv
241	0	git-logs/data/2020-01-15-author_summary.txt
1798	0	git-logs/data/2020-01-15-file_name_counts.txt
14	0	git-logs/data/README.md
0	0	git-logs/doc/lab-notes.md
0	0	git-logs/doc/project-manuscript.md
-	-	git-logs/docs/git-log-documentation.pdf
1	0	git-logs/downloads/dplyr
1	0	git-logs/downloads/ggplot2
15	0	git-logs/git-logs.Rproj
30	0	git-logs/helpers.md
0	0	git-logs/requirements.txt
